2025-12-02 15:35:15.6122 EST [Bridge CLI] INFO: Using cache directory: C:\Users\AlBessey\Desktop\temp\bridge-cli-bundle-3.10.0-win64
2025-12-02 15:35:15.6138 EST [Bridge CLI] INFO: Found version "3.0.414" in registry for workflow "polaris", trying to load it from local cache
2025-12-02 15:35:17.8130 EST [Bridge CLI] INFO: Input Resources:
2025-12-02 15:35:17.8130 EST [Bridge CLI] INFO: resource = value [source]
2025-12-02 15:35:17.8130 EST [Bridge CLI] INFO: ------------------------------------------------------------
2025-12-02 15:35:17.8130 EST [Bridge CLI] INFO: POLARIS.ACCESSTOKEN = ***************************************** [env]
2025-12-02 15:35:17.8130 EST [Bridge CLI] INFO: POLARIS.application.name = ALB-VB.NET-test [cmd]
2025-12-02 15:35:17.8130 EST [Bridge CLI] INFO: POLARIS.assessment.types = [SAST SCA] [cmd]
2025-12-02 15:35:17.8130 EST [Bridge CLI] INFO: POLARIS.branch.name = main [cmd]
2025-12-02 15:35:17.8130 EST [Bridge CLI] INFO: POLARIS.project.name = product1 [cmd]
2025-12-02 15:35:17.8130 EST [Bridge CLI] INFO: POLARIS.serverUrl = https://poc.polaris.blackduck.com [cmd]
2025-12-02 15:35:17.8130 EST [Bridge CLI] INFO: ------------------------------------------------------------
2025-12-02 15:35:17.8130 EST [Bridge CLI] INFO: Starting adapters for stage polaris
2025-12-02 15:35:17.8130 EST [Bridge CLI] INFO: Starting Adapter: Polaris Initializer
2025-12-02 15:35:17.8130 EST [Bridge CLI] INFO: Starting Adapter: Polaris SCM Discovery
2025-12-02 15:35:17.8539 EST [Bridge CLI] INFO: Starting Adapter: Default Bridge Invoked From
2025-12-02 15:35:17.8539 EST [Default Bridge Invoked From] INFO: Provided value for resource 'bridge.invoked.from'
2025-12-02 15:35:17.8539 EST [Default Bridge Invoked From] INFO: Adapter finished
2025-12-02 15:35:18.3733 EST [Polaris SCM Discovery] INFO: Adapter finished
2025-12-02 15:35:18.3770 EST [Bridge CLI] INFO: Starting Adapter: Set Polaris Assessment Mode to CI
2025-12-02 15:35:18.3770 EST [Set Polaris Assessment Mode to CI] INFO: Provided value for resource 'polaris.assessment.mode'
2025-12-02 15:35:18.3775 EST [Set Polaris Assessment Mode to CI] INFO: Adapter finished
2025-12-02 15:35:18.3823 EST [Bridge CLI] INFO: Starting Adapter: Create Polaris Project & Branch By Default
2025-12-02 15:35:18.3828 EST [Create Polaris Project & Branch By Default] INFO: Provided value for resource 'polaris.onboarding'
2025-12-02 15:35:18.3828 EST [Create Polaris Project & Branch By Default] INFO: Adapter finished
2025-12-02 15:35:20.5044 EST [Polaris Initializer] INFO: No version specified for detect, using recommended version: 10.4.0
2025-12-02 15:35:20.5300 EST [Polaris Initializer] INFO: No version specified for cov_thin_client, using recommended version: 2025.9.0
2025-12-02 15:35:20.8645 EST [Polaris Initializer] INFO: Successfully created test for "SCA(scaPackage)" assessment. The short test ID is "KOF5RXK"
2025-12-02 15:35:20.9988 EST [Polaris Initializer] INFO: Successfully created test for "SAST(sastFull)" assessment. The short test ID is "BADT1FM"
2025-12-02 15:35:21.0338 EST [Polaris Initializer] INFO: Provided value for resource 'polaris.test.SCA.tests.scaPackage.id'
2025-12-02 15:35:21.0343 EST [Polaris Initializer] INFO: Provided value for resource 'polaris.test.SAST.tests.sastFull.id'
2025-12-02 15:35:21.0349 EST [Polaris Initializer] INFO: Provided value for resource 'polaris.test.SCA.tests.scaPackage.shortId'
2025-12-02 15:35:21.0354 EST [Polaris Initializer] INFO: Provided value for resource 'polaris.test.SAST.tests.sastFull.shortId'
2025-12-02 15:35:21.0360 EST [Polaris Initializer] INFO: Added entry to resource 'polaris.test.SCA.tests.scaPackage.toolIds'
2025-12-02 15:35:21.0366 EST [Polaris Initializer] INFO: Added entry to resource 'polaris.test.SAST.tests.sastFull.toolIds'
2025-12-02 15:35:21.0371 EST [Polaris Initializer] INFO: Provided value for resource 'polaris.test.SAST.tests.sastFull.streamId'
2025-12-02 15:35:21.0377 EST [Polaris Initializer] INFO: Provided value for resource 'polaris.test.SCA.tests.scaPackage.requested'
2025-12-02 15:35:21.0388 EST [Polaris Initializer] INFO: Provided value for resource 'polaris.test.SAST.tests.sastFull.requested'
2025-12-02 15:35:21.0388 EST [Polaris Initializer] INFO: Provided value for resource 'polaris.project.id'
2025-12-02 15:35:21.0394 EST [Polaris Initializer] INFO: Provided value for resource 'polaris.branch.id'
2025-12-02 15:35:21.0394 EST [Polaris Initializer] INFO: Provided value for resource 'polaris.portfolioid'
2025-12-02 15:35:21.0394 EST [Polaris Initializer] INFO: Provided value for resource 'polaris.tenant.id'
2025-12-02 15:35:21.0394 EST [Polaris Initializer] INFO: Provided value for resource 'polaris.application.id'
2025-12-02 15:35:21.0394 EST [Bridge CLI] INFO: Starting adapters for stage polaris-controller
2025-12-02 15:35:21.0405 EST [Bridge CLI] INFO: Starting Adapter: Polaris Controller
2025-12-02 15:35:21.0421 EST [Polaris Initializer] INFO: Adapter finished
2025-12-02 15:35:21.0536 EST [Bridge CLI] INFO: Starting Adapter: Set Polaris Wait For Scan
2025-12-02 15:35:21.0541 EST [Set Polaris Wait For Scan] INFO: Provided value for resource 'polaris.waitForScan'
2025-12-02 15:35:21.0541 EST [Set Polaris Wait For Scan] INFO: Adapter finished
2025-12-02 15:35:21.0810 EST [Bridge CLI] INFO: Starting Adapter: Check pull request
2025-12-02 15:35:21.3936 EST [Check pull request] INFO: Provided value for resource 'environment.scan.pull'
2025-12-02 15:35:21.3941 EST [Check pull request] INFO: Adapter finished
2025-12-02 15:35:22.0504 EST [Polaris Controller] INFO: Running for "sast" assessment with scan type "sastFull"
2025-12-02 15:35:22.0514 EST [Polaris Controller] INFO: checking "coverity" tool installation inside bridge home directory: C:\Users\AlBessey\.blackduck\bridge\tools\cov-thin-client\2025.9.0
2025-12-02 15:35:22.0514 EST [Polaris Controller] INFO: Checking tool version for "cov_thin_client" in "C:\\Users\\AlBessey\\.blackduck\\bridge\\tools\\cov-thin-client\\2025.9.0"
2025-12-02 15:35:22.0514 EST [Polaris Controller] INFO: Running command:C:\Users\AlBessey\.blackduck\bridge\tools\cov-thin-client\2025.9.0\bin\coverity.exe --version
2025-12-02 15:35:23.2397 EST [Polaris Controller] INFO: Got tool version for "cov_thin_client": 2025.9.0
2025-12-02 15:35:23.5747 EST [Polaris Controller] INFO: "coverity" tool is already installed...
2025-12-02 15:35:23.5754 EST [Polaris Controller] INFO: checking "Sigma" tool installation inside bridge home directory: C:\Users\AlBessey\.blackduck\bridge\tools\sigma\2025.10.0
2025-12-02 15:35:23.5754 EST [Polaris Controller] INFO: Checking tool version for "sigma" in "C:\\Users\\AlBessey\\.blackduck\\bridge\\tools\\sigma\\2025.10.0"
2025-12-02 15:35:23.5760 EST [Polaris Controller] INFO: Running command:C:\Users\AlBessey\.blackduck\bridge\tools\sigma\2025.10.0\sigma.exe --version
2025-12-02 15:35:23.8665 EST [Polaris Controller] INFO: Got tool version for "sigma": 2025.10.0
2025-12-02 15:35:23.9696 EST [Polaris Controller] INFO: "Sigma" tool is already installed...
2025-12-02 15:35:23.9696 EST [Polaris Controller] INFO: Running for "sca" assessment with scan type "scaPackage"
2025-12-02 15:35:23.9696 EST [Polaris Controller] INFO: checking "detect" tool installation inside bridge home directory: C:\Users\AlBessey\.blackduck\bridge\tools\blackduck-detect\10.4.0
2025-12-02 15:35:23.9701 EST [Polaris Controller] INFO: Running command:C:\blackduck\Java\jdk-23\bin\java -version
2025-12-02 15:35:24.1077 EST [Polaris Controller] INFO: Checking tool version for "detect" in "C:\\Users\\AlBessey\\.blackduck\\bridge\\tools\\blackduck-detect\\10.4.0"
2025-12-02 15:35:24.1141 EST [Polaris Controller] INFO: Got tool version for "detect": 10.4.0
2025-12-02 15:35:24.2319 EST [Polaris Controller] INFO: "detect" tool is already installed...
2025-12-02 15:35:24.2611 EST [Polaris Controller] INFO: Provided value for resource 'coverity.id'
2025-12-02 15:35:24.2611 EST [Polaris Controller] INFO: Provided value for resource 'sigma.id'
2025-12-02 15:35:24.2611 EST [Polaris Controller] INFO: Provided value for resource 'detect.id'
2025-12-02 15:35:24.2611 EST [Bridge CLI] INFO: Starting adapters for stage polaris-sast
2025-12-02 15:35:24.2611 EST [Bridge CLI] INFO: Starting adapters for stage polaris-sca-package
2025-12-02 15:35:24.2611 EST [Bridge CLI] INFO: Starting adapters for stage polaris-artifacts-uploader
2025-12-02 15:35:24.2611 EST [Bridge CLI] INFO: Starting adapters for stage polaris-post-processing
2025-12-02 15:35:24.2611 EST [Bridge CLI] INFO: Starting adapters for stage polaris-status
2025-12-02 15:35:24.2649 EST [Bridge CLI] INFO: Starting Adapter: Polaris SCA Package Manager Scan
2025-12-02 15:35:24.2649 EST [Bridge CLI] INFO: Starting Adapter: Polaris Coverity Capture
2025-12-02 15:35:24.2649 EST [Bridge CLI] INFO: Starting Adapter: Polaris Waiter
2025-12-02 15:35:24.2649 EST [Bridge CLI] INFO: Starting Adapter: Polaris Artifacts Uploader
2025-12-02 15:35:24.2649 EST [Bridge CLI] INFO: Starting Adapter: Polaris Issues Fetcher
2025-12-02 15:35:24.2649 EST [Bridge CLI] INFO: Starting Adapter: Polaris Policy Checker
2025-12-02 15:35:24.2649 EST [Bridge CLI] INFO: Starting Adapter: Polaris Status Provider
2025-12-02 15:35:24.2665 EST [Polaris Controller] INFO: Adapter finished
2025-12-02 15:35:24.3654 EST [Bridge CLI] INFO: Starting Adapter: Default Adapter for execution path
2025-12-02 15:35:24.3673 EST [Default Adapter for execution path] INFO: Provided value for resource 'coverity.execution.path'
2025-12-02 15:35:24.3673 EST [Default Adapter for execution path] INFO: Adapter finished
2025-12-02 15:35:24.4387 EST [Bridge CLI] INFO: Starting Adapter: Default Adapter for execution path
2025-12-02 15:35:24.4404 EST [Default Adapter for execution path] INFO: Provided value for resource 'sigma.execution.path'
2025-12-02 15:35:24.4409 EST [Default Adapter for execution path] INFO: Adapter finished
2025-12-02 15:35:24.9479 EST [Polaris Coverity Capture] INFO: Identified workflow: Polaris
2025-12-02 15:35:24.9524 EST [Polaris Coverity Capture] INFO: command: C:\Users\AlBessey\.blackduck\bridge\tools\cov-thin-client\2025.9.0\bin\coverity.exe capture --dir C:\blackduck\tests\VB-net\all-my-code\product1\.bridge\polaris_coverity_capture\2025.9.0\idir -o analyze.location=connect
2025-12-02 15:35:24.9921 EST [Polaris Coverity Capture] INFO: coverity 2025.9.0 covcli-2025.9-push-12
2025-12-02 15:35:24.9926 EST [Polaris Coverity Capture] INFO: envvar: COVERITY_CACHE_API_TOKEN_FILE=C:\Users\AlBessey\AppData\Local\Temp\polaris_coverity_cache2710332084\.authKey
2025-12-02 15:35:24.9926 EST [Polaris Coverity Capture] INFO: envvar: COVERITY_CACHE_KEY=03f591f9-c714-4349-8557-1235a21ef1d6
2025-12-02 15:35:24.9926 EST [Polaris Coverity Capture] INFO: envvar: COVERITY_CACHE_URL=https://poc.polaris.blackduck.com/api/cache
2025-12-02 15:35:24.9926 EST [Polaris Coverity Capture] INFO: envvar: COVERITY_CLI_CAPTURE_ZIP_ARCHIVE=C:\blackduck\tests\VB-net\all-my-code\product1\.bridge\polaris_coverity_capture\idir.zip
2025-12-02 15:35:24.9926 EST [Polaris Coverity Capture] INFO: envvar: COVERITY_CLI_POLARIS_CLIENT=true
2025-12-02 15:35:24.9942 EST [Polaris Coverity Capture] INFO: Loaded configuration file 'C:\blackduck\tests\VB-net\all-my-code\product1\coverity.yaml'
2025-12-02 15:35:24.9981 EST [Polaris Coverity Capture] INFO: Executing command: C:\Users\AlBessey\.blackduck\bridge\tools\cov-thin-client\2025.9.0\bin\cov-manage-emit --dir C:\blackduck\tests\VB-net\all-my-code\product1\.bridge\polaris_coverity_capture\2025.9.0\idir reset-host-name
2025-12-02 15:35:26.1024 EST [Polaris Coverity Capture] INFO: Executing command: C:\Users\AlBessey\.blackduck\bridge\tools\cov-thin-client\2025.9.0\bin\cov-manage-emit --dir C:\blackduck\tests\VB-net\all-my-code\product1\.bridge\polaris_coverity_capture\2025.9.0\idir check-compatible
2025-12-02 15:35:26.1502 EST [Polaris Coverity Capture] INFO: Detected that stdout is not connected to a terminal.  Defaulting ticker mode to 'none'.
2025-12-02 15:35:26.1502 EST [Polaris Coverity Capture] INFO: If this is not correct, explicitly set the ticker mode to the desired value using the '--ticker-mode' option.
2025-12-02 15:35:26.1529 EST [Polaris Coverity Capture] INFO: Using lightweight capture with thin client.
2025-12-02 15:35:26.1539 EST [Polaris Coverity Capture] INFO: Executing command: C:\Users\AlBessey\.blackduck\bridge\tools\cov-thin-client\2025.9.0\bin\cov-internal-manage-cache check
2025-12-02 15:35:27.8630 EST [Polaris Coverity Capture] INFO: Caching is enabled.
2025-12-02 15:35:27.8658 EST [Polaris Coverity Capture] INFO: Telemetry is enabled
2025-12-02 15:35:27.8881 EST [Polaris Coverity Capture] INFO: Executing command: C:\Users\AlBessey\.blackduck\bridge\tools\cov-thin-client\2025.9.0\bin\cov-manage-emit --dir C:\blackduck\tests\VB-net\all-my-code\product1\.bridge\polaris_coverity_capture\2025.9.0\idir list-capture-diagnostics
2025-12-02 15:35:27.9598 EST [Polaris Coverity Capture] INFO: Executing action no-op: nothing to do for initialization
2025-12-02 15:35:27.9758 EST [Polaris Coverity Capture] INFO: Executing action Delete compiler configurations for intermediate directory 'C:\blackduck\tests\VB-net\all-my-code\product1\.bridge\polaris_coverity_capture\2025.9.0\idir'
2025-12-02 15:35:28.0366 EST [Polaris Coverity Capture] INFO: Executing action Configure build compiler: C:\Users\AlBessey\.blackduck\bridge\tools\cov-thin-client\2025.9.0\bin\cov-configure -c C:\blackduck\tests\VB-net\all-my-code\product1\.bridge\polaris_coverity_capture\2025.9.0\idir\coverity-cli\build-compiler-configs\coverity_config.xml --compiler gcc --comptype gcc --template
2025-12-02 15:35:28.5856 EST [Polaris Coverity Capture] INFO: Executing action Configure build compiler: C:\Users\AlBessey\.blackduck\bridge\tools\cov-thin-client\2025.9.0\bin\cov-configure -c C:\blackduck\tests\VB-net\all-my-code\product1\.bridge\polaris_coverity_capture\2025.9.0\idir\coverity-cli\build-compiler-configs\coverity_config.xml --compiler cc --comptype gcc --template
2025-12-02 15:35:28.9501 EST [Polaris Coverity Capture] WARNING: Template config template-gcc-config-1 already exists for gcc-* and will be reused. 
2025-12-02 15:35:28.9501 EST [Polaris Coverity Capture] WARNING: Template config template-gcc-config-2 already exists for *-gcc and will be reused. 
2025-12-02 15:35:28.9501 EST [Polaris Coverity Capture] WARNING: Template config template-g++-config-1 already exists for g++-* and will be reused. 
2025-12-02 15:35:28.9501 EST [Polaris Coverity Capture] WARNING: Template config template-g++-config-2 already exists for *-g++ and will be reused. 
2025-12-02 15:35:28.9506 EST [Polaris Coverity Capture] WARNING: Template config template-ld-config-0 already exists for ld and will be reused. 
2025-12-02 15:35:28.9506 EST [Polaris Coverity Capture] WARNING: Template config template-ar-config-0 already exists for ar and will be reused. 
2025-12-02 15:35:28.9645 EST [Polaris Coverity Capture] INFO: Executing action Configure build compiler: C:\Users\AlBessey\.blackduck\bridge\tools\cov-thin-client\2025.9.0\bin\cov-configure -c C:\blackduck\tests\VB-net\all-my-code\product1\.bridge\polaris_coverity_capture\2025.9.0\idir\coverity-cli\build-compiler-configs\coverity_config.xml --compiler c++ --comptype g++ --template
2025-12-02 15:35:29.3526 EST [Polaris Coverity Capture] INFO: Executing action Configure build compiler: C:\Users\AlBessey\.blackduck\bridge\tools\cov-thin-client\2025.9.0\bin\cov-configure -c C:\blackduck\tests\VB-net\all-my-code\product1\.bridge\polaris_coverity_capture\2025.9.0\idir\coverity-cli\build-compiler-configs\coverity_config.xml --compiler clang --comptype clangcc --template
2025-12-02 15:35:29.7416 EST [Polaris Coverity Capture] INFO: Executing action Configure build compiler: C:\Users\AlBessey\.blackduck\bridge\tools\cov-thin-client\2025.9.0\bin\cov-configure -c C:\blackduck\tests\VB-net\all-my-code\product1\.bridge\polaris_coverity_capture\2025.9.0\idir\coverity-cli\build-compiler-configs\coverity_config.xml --compiler java --comptype java --template
2025-12-02 15:35:30.1120 EST [Polaris Coverity Capture] INFO: Executing action Configure build compiler: C:\Users\AlBessey\.blackduck\bridge\tools\cov-thin-client\2025.9.0\bin\cov-configure -c C:\blackduck\tests\VB-net\all-my-code\product1\.bridge\polaris_coverity_capture\2025.9.0\idir\coverity-cli\build-compiler-configs\coverity_config.xml --compiler go --comptype go --template
2025-12-02 15:35:30.4958 EST [Polaris Coverity Capture] INFO: Executing action Configure build compiler: C:\Users\AlBessey\.blackduck\bridge\tools\cov-thin-client\2025.9.0\bin\cov-configure -c C:\blackduck\tests\VB-net\all-my-code\product1\.bridge\polaris_coverity_capture\2025.9.0\idir\coverity-cli\build-compiler-configs\coverity_config.xml --compiler ccache --comptype prefix --template
2025-12-02 15:35:30.8711 EST [Polaris Coverity Capture] INFO: Executing action Configure build compiler: C:\Users\AlBessey\.blackduck\bridge\tools\cov-thin-client\2025.9.0\bin\cov-configure -c C:\blackduck\tests\VB-net\all-my-code\product1\.bridge\polaris_coverity_capture\2025.9.0\idir\coverity-cli\build-compiler-configs\coverity_config.xml --compiler kotlinc --comptype kotlinc --template
2025-12-02 15:35:31.2351 EST [Polaris Coverity Capture] WARNING: Template config template-java-config-0 already exists for java and will be reused. 
2025-12-02 15:35:31.2351 EST [Polaris Coverity Capture] WARNING: Template config template-apt-config-0 already exists for apt and will be reused. 
2025-12-02 15:35:31.2351 EST [Polaris Coverity Capture] WARNING: Template config template-javaw-config-0 already exists for javaw and will be reused. 
2025-12-02 15:35:31.2551 EST [Polaris Coverity Capture] INFO: Executing action Configure build compiler: C:\Users\AlBessey\.blackduck\bridge\tools\cov-thin-client\2025.9.0\bin\cov-configure -c C:\blackduck\tests\VB-net\all-my-code\product1\.bridge\polaris_coverity_capture\2025.9.0\idir\coverity-cli\build-compiler-configs\coverity_config.xml --compiler csc --comptype csc --template
2025-12-02 15:35:31.6519 EST [Polaris Coverity Capture] INFO: Executing action Configure build compiler: C:\Users\AlBessey\.blackduck\bridge\tools\cov-thin-client\2025.9.0\bin\cov-configure -c C:\blackduck\tests\VB-net\all-my-code\product1\.bridge\polaris_coverity_capture\2025.9.0\idir\coverity-cli\build-compiler-configs\coverity_config.xml --compiler vbc --comptype vbc --template
2025-12-02 15:35:32.0857 EST [Polaris Coverity Capture] WARNING: Template config template-dotnet-config-0 already exists for dotnet and will be reused. 
2025-12-02 15:35:32.1008 EST [Polaris Coverity Capture] INFO: Executing action Configure build compiler: C:\Users\AlBessey\.blackduck\bridge\tools\cov-thin-client\2025.9.0\bin\cov-configure -c C:\blackduck\tests\VB-net\all-my-code\product1\.bridge\polaris_coverity_capture\2025.9.0\idir\coverity-cli\build-compiler-configs\coverity_config.xml --compiler cl --comptype msvc --template
2025-12-02 15:35:32.5765 EST [Polaris Coverity Capture] INFO: Executing action Configure build compiler: C:\Users\AlBessey\.blackduck\bridge\tools\cov-thin-client\2025.9.0\bin\cov-configure -c C:\blackduck\tests\VB-net\all-my-code\product1\.bridge\polaris_coverity_capture\2025.9.0\idir\coverity-cli\build-compiler-configs\coverity_config.xml --compiler i686-w64-mingw32-gcc --comptype gcc --template
2025-12-02 15:35:32.9942 EST [Polaris Coverity Capture] WARNING: Template config template-gcc-config-1 already exists for gcc-* and will be reused. 
2025-12-02 15:35:32.9942 EST [Polaris Coverity Capture] WARNING: Template config template-gcc-config-2 already exists for *-gcc and will be reused. 
2025-12-02 15:35:32.9942 EST [Polaris Coverity Capture] WARNING: Template config template-g++-config-1 already exists for g++-* and will be reused. 
2025-12-02 15:35:32.9942 EST [Polaris Coverity Capture] WARNING: Template config template-g++-config-2 already exists for *-g++ and will be reused. 
2025-12-02 15:35:32.9942 EST [Polaris Coverity Capture] WARNING: Template config template-ld-config-0 already exists for ld and will be reused. 
2025-12-02 15:35:32.9942 EST [Polaris Coverity Capture] WARNING: Template config template-ar-config-0 already exists for ar and will be reused. 
2025-12-02 15:35:33.0108 EST [Polaris Coverity Capture] INFO: Executing action Configure build compiler: C:\Users\AlBessey\.blackduck\bridge\tools\cov-thin-client\2025.9.0\bin\cov-configure -c C:\blackduck\tests\VB-net\all-my-code\product1\.bridge\polaris_coverity_capture\2025.9.0\idir\coverity-cli\build-compiler-configs\coverity_config.xml --compiler i686-w64-mingw32-c++ --comptype g++ --template
2025-12-02 15:35:33.4664 EST [Polaris Coverity Capture] INFO: Executing action Configure build compiler: C:\Users\AlBessey\.blackduck\bridge\tools\cov-thin-client\2025.9.0\bin\cov-configure -c C:\blackduck\tests\VB-net\all-my-code\product1\.bridge\polaris_coverity_capture\2025.9.0\idir\coverity-cli\build-compiler-configs\coverity_config.xml --compiler mingw32-gcc --comptype gcc --template
2025-12-02 15:35:34.0271 EST [Polaris Coverity Capture] WARNING: Template config template-gcc-config-1 already exists for gcc-* and will be reused. 
2025-12-02 15:35:34.0271 EST [Polaris Coverity Capture] WARNING: Template config template-gcc-config-2 already exists for *-gcc and will be reused. 
2025-12-02 15:35:34.0271 EST [Polaris Coverity Capture] WARNING: Template config template-g++-config-1 already exists for g++-* and will be reused. 
2025-12-02 15:35:34.0271 EST [Polaris Coverity Capture] WARNING: Template config template-g++-config-2 already exists for *-g++ and will be reused. 
2025-12-02 15:35:34.0277 EST [Polaris Coverity Capture] WARNING: Template config template-ld-config-0 already exists for ld and will be reused. 
2025-12-02 15:35:34.0277 EST [Polaris Coverity Capture] WARNING: Template config template-ar-config-0 already exists for ar and will be reused. 
2025-12-02 15:35:34.0462 EST [Polaris Coverity Capture] INFO: Executing action Configure build compiler: C:\Users\AlBessey\.blackduck\bridge\tools\cov-thin-client\2025.9.0\bin\cov-configure -c C:\blackduck\tests\VB-net\all-my-code\product1\.bridge\polaris_coverity_capture\2025.9.0\idir\coverity-cli\build-compiler-configs\coverity_config.xml --compiler mingw32-c++ --comptype g++ --template
2025-12-02 15:35:34.4840 EST [Polaris Coverity Capture] INFO: Executing action Configure build compiler: C:\Users\AlBessey\.blackduck\bridge\tools\cov-thin-client\2025.9.0\bin\cov-configure -c C:\blackduck\tests\VB-net\all-my-code\product1\.bridge\polaris_coverity_capture\2025.9.0\idir\coverity-cli\build-compiler-configs\coverity_config.xml --compiler x86_64-w64-mingw32-gcc --comptype gcc --template
2025-12-02 15:35:34.9441 EST [Polaris Coverity Capture] WARNING: Template config template-gcc-config-1 already exists for gcc-* and will be reused. 
2025-12-02 15:35:34.9441 EST [Polaris Coverity Capture] WARNING: Template config template-gcc-config-2 already exists for *-gcc and will be reused. 
2025-12-02 15:35:34.9441 EST [Polaris Coverity Capture] WARNING: Template config template-g++-config-1 already exists for g++-* and will be reused. 
2025-12-02 15:35:34.9441 EST [Polaris Coverity Capture] WARNING: Template config template-g++-config-2 already exists for *-g++ and will be reused. 
2025-12-02 15:35:34.9441 EST [Polaris Coverity Capture] WARNING: Template config template-ld-config-0 already exists for ld and will be reused. 
2025-12-02 15:35:34.9441 EST [Polaris Coverity Capture] WARNING: Template config template-ar-config-0 already exists for ar and will be reused. 
2025-12-02 15:35:34.9624 EST [Polaris Coverity Capture] INFO: Executing action Configure build compiler: C:\Users\AlBessey\.blackduck\bridge\tools\cov-thin-client\2025.9.0\bin\cov-configure -c C:\blackduck\tests\VB-net\all-my-code\product1\.bridge\polaris_coverity_capture\2025.9.0\idir\coverity-cli\build-compiler-configs\coverity_config.xml --compiler x86_64-w64-mingw32-c++ --comptype g++ --template
2025-12-02 15:35:35.4909 EST [Polaris Coverity Capture] INFO: Executing action Configure build compiler: C:\Users\AlBessey\.blackduck\bridge\tools\cov-thin-client\2025.9.0\bin\cov-configure -c C:\blackduck\tests\VB-net\all-my-code\product1\.bridge\polaris_coverity_capture\2025.9.0\idir\coverity-cli\buildless-compiler-configs\coverity_config.xml --dart
2025-12-02 15:35:35.9088 EST [Polaris Coverity Capture] INFO: Executing action Configure build compiler: C:\Users\AlBessey\.blackduck\bridge\tools\cov-thin-client\2025.9.0\bin\cov-configure -c C:\blackduck\tests\VB-net\all-my-code\product1\.bridge\polaris_coverity_capture\2025.9.0\idir\coverity-cli\buildless-compiler-configs\coverity_config.xml --javascript
2025-12-02 15:35:36.3763 EST [Polaris Coverity Capture] INFO: Executing action Configure build compiler: C:\Users\AlBessey\.blackduck\bridge\tools\cov-thin-client\2025.9.0\bin\cov-configure -c C:\blackduck\tests\VB-net\all-my-code\product1\.bridge\polaris_coverity_capture\2025.9.0\idir\coverity-cli\buildless-compiler-configs\coverity_config.xml --php
2025-12-02 15:35:36.8299 EST [Polaris Coverity Capture] INFO: Executing action Configure build compiler: C:\Users\AlBessey\.blackduck\bridge\tools\cov-thin-client\2025.9.0\bin\cov-configure -c C:\blackduck\tests\VB-net\all-my-code\product1\.bridge\polaris_coverity_capture\2025.9.0\idir\coverity-cli\buildless-compiler-configs\coverity_config.xml --python
2025-12-02 15:35:37.2419 EST [Polaris Coverity Capture] INFO: Executing action Configure build compiler: C:\Users\AlBessey\.blackduck\bridge\tools\cov-thin-client\2025.9.0\bin\cov-configure -c C:\blackduck\tests\VB-net\all-my-code\product1\.bridge\polaris_coverity_capture\2025.9.0\idir\coverity-cli\buildless-compiler-configs\coverity_config.xml --ruby
2025-12-02 15:35:37.6553 EST [Polaris Coverity Capture] INFO: Executing action Configure build compiler: C:\Users\AlBessey\.blackduck\bridge\tools\cov-thin-client\2025.9.0\bin\cov-configure -c C:\blackduck\tests\VB-net\all-my-code\product1\.bridge\polaris_coverity_capture\2025.9.0\idir\coverity-cli\buildless-compiler-configs\coverity_config.xml --comptype capture-config-files --file-regex $capture-config-files$ --template
2025-12-02 15:35:37.6955 EST [Polaris Coverity Capture] WARNING: Configuration already exists for file regex $capture-config-files$
2025-12-02 15:35:37.6955 EST [Polaris Coverity Capture] INFO:           and it will not be updated.
2025-12-02 15:35:37.7352 EST [Polaris Coverity Capture] INFO: Executing action no-op: no compilers need to be unconfigured
2025-12-02 15:35:37.7726 EST [Polaris Coverity Capture] INFO: Executing action no-op: compiler configurations loaded
2025-12-02 15:35:37.7896 EST [Polaris Coverity Capture] INFO: Executing action Execute clean command: cmd /c devenv MediaPlayerUI.sln /Clean
2025-12-02 15:35:39.5976 EST [Polaris Coverity Capture] INFO: 
2025-12-02 15:35:39.5982 EST [Polaris Coverity Capture] INFO: Microsoft Visual Studio Version 18.0.2.
2025-12-02 15:35:39.5982 EST [Polaris Coverity Capture] INFO: Copyright (C) Microsoft Corp. All rights reserved.
2025-12-02 15:35:39.5982 EST [Polaris Coverity Capture] INFO: Clean started at 3:35 PM...
2025-12-02 15:35:39.6081 EST [Polaris Coverity Capture] INFO: 1>------ Clean started: Project: MediaPlayerUI, Configuration: Debug Any CPU ------
2025-12-02 15:35:40.4165 EST [Polaris Coverity Capture] INFO: ========== Clean: 1 succeeded, 0 failed, 0 skipped ==========
2025-12-02 15:35:40.4170 EST [Polaris Coverity Capture] INFO: ========== Clean completed at 3:35 PM and took 00.822 seconds ==========
2025-12-02 15:35:40.7496 EST [Polaris Coverity Capture] INFO: Executing action Invoke build capture: C:\Users\AlBessey\.blackduck\bridge\tools\cov-thin-client\2025.9.0\bin\cov-build --dir C:\blackduck\tests\VB-net\all-my-code\product1\.bridge\polaris_coverity_capture\2025.9.0\idir -c C:\blackduck\tests\VB-net\all-my-code\product1\.bridge\polaris_coverity_capture\2025.9.0\idir\coverity-cli\build-compiler-configs\coverity_config.xml --append-log --no-security-da --record-with-source --no-xrefs --enable-scan-transparency-data --bytecode-caching --force cmd /c devenv MediaPlayerUI.sln /Build
2025-12-02 15:35:41.8992 EST [Polaris Coverity Capture] INFO: Coverity Build Capture (64-bit) version 2025.9.0 on Windows 11 Enterprise, 64-bit (build 26100)
2025-12-02 15:35:41.8992 EST [Polaris Coverity Capture] INFO: Internal version numbers: 477d3c5ddd p-2025.9-push-57
2025-12-02 15:35:41.8992 EST [Polaris Coverity Capture] INFO: 
2025-12-02 15:35:46.2318 EST [Polaris Coverity Capture] INFO: 
2025-12-02 15:35:46.2318 EST [Polaris Coverity Capture] INFO: Microsoft Visual Studio Version 18.0.2.
2025-12-02 15:35:46.2322 EST [Polaris Coverity Capture] INFO: Copyright (C) Microsoft Corp. All rights reserved.
2025-12-02 15:35:46.2327 EST [Polaris Coverity Capture] INFO: Build started at 3:35 PM...
2025-12-02 15:35:46.2472 EST [Polaris Coverity Capture] INFO: 1>------ Build started: Project: MediaPlayerUI, Configuration: Debug Any CPU ------
2025-12-02 15:35:55.7239 EST [Polaris Coverity Capture] INFO: 1>  MediaPlayerUI -> C:\blackduck\tests\VB-net\all-my-code\product1\MediaPlayerUI\bin\Debug\MediaPlayerUI.exe
2025-12-02 15:35:55.7604 EST [Polaris Coverity Capture] INFO: ========== Build: 1 succeeded, 0 failed, 0 up-to-date, 0 skipped ==========
2025-12-02 15:35:55.7609 EST [Polaris Coverity Capture] INFO: ========== Build completed at 3:35 PM and took 09.534 seconds ==========
2025-12-02 15:35:56.8268 EST [Polaris Coverity Capture] INFO: Attempting to detect unconfigured compilers in build
2025-12-02 15:35:56.8303 EST [Polaris Coverity Capture] INFO: |0----------25-----------50----------75---------100|
2025-12-02 15:35:56.8642 EST [Polaris Coverity Capture] INFO: ****************************************************
2025-12-02 15:35:56.8911 EST [Polaris Coverity Capture] INFO: Recorded 11 Visual Basic compilation units (100%) successfully. These compilation units are ready for replay
2025-12-02 15:35:56.8911 EST [Polaris Coverity Capture] INFO: 
2025-12-02 15:35:56.8911 EST [Polaris Coverity Capture] INFO: The cov-build utility completed successfully.
2025-12-02 15:35:56.9879 EST [Polaris Coverity Capture] INFO: 
2025-12-02 15:35:57.0099 EST [Polaris Coverity Capture] INFO: Executing action Collect Build Metrics
2025-12-02 15:35:57.0104 EST [Polaris Coverity Capture] INFO: Executing action Invalidate capture results
2025-12-02 15:35:57.0104 EST [Polaris Coverity Capture] INFO: Executing action Update uncaptured file timestamps for project "C:\blackduck\tests\VB-net\all-my-code\product1\MediaPlayerUI.sln"
2025-12-02 15:35:57.0104 EST [Polaris Coverity Capture] INFO: Executing command: C:\Users\AlBessey\.blackduck\bridge\tools\cov-thin-client\2025.9.0\bin\cov-manage-emit --dir C:\blackduck\tests\VB-net\all-my-code\product1\.bridge\polaris_coverity_capture\2025.9.0\idir list-capture-diagnostics
2025-12-02 15:35:57.1065 EST [Polaris Coverity Capture] INFO: Executing action Emit files using buildless capture: C:\Users\AlBessey\.blackduck\bridge\tools\cov-thin-client\2025.9.0\bin\cov-internal-capture-files --dir C:\blackduck\tests\VB-net\all-my-code\product1\.bridge\polaris_coverity_capture\2025.9.0\idir -c C:\blackduck\tests\VB-net\all-my-code\product1\.bridge\polaris_coverity_capture\2025.9.0\idir\coverity-cli\buildless-compiler-configs\coverity_config.xml --ticker-mode none --append-log --capture-list-file C:\blackduck\tests\VB-net\all-my-code\product1\.bridge\polaris_coverity_capture\2025.9.0\idir\coverity-cli\capture-file-list-1234632117 --record-with-source
2025-12-02 15:35:58.1668 EST [Polaris Coverity Capture] INFO: Buildless capture started.
2025-12-02 15:35:58.1947 EST [Polaris Coverity Capture] INFO: Emitting 27 Files.
2025-12-02 15:35:59.7260 EST [Polaris Coverity Capture] INFO: Buildless capture completed.
2025-12-02 15:35:59.7372 EST [Polaris Coverity Capture] INFO: Executing action No unwanted TUs to delete
2025-12-02 15:35:59.7372 EST [Polaris Coverity Capture] INFO: Executing action Action cleanup: Unwanted TUs action cleanup
2025-12-02 15:35:59.7383 EST [Polaris Coverity Capture] INFO: Executing action deleteResidualTUs C:\blackduck\tests\VB-net\all-my-code\product1\.bridge\polaris_coverity_capture\2025.9.0\idir
2025-12-02 15:35:59.7388 EST [Polaris Coverity Capture] INFO: Executing command: C:\Users\AlBessey\.blackduck\bridge\tools\cov-thin-client\2025.9.0\bin\cov-manage-emit --dir C:\blackduck\tests\VB-net\all-my-code\product1\.bridge\polaris_coverity_capture\2025.9.0\idir list-capture-diagnostics
2025-12-02 15:35:59.8189 EST [Polaris Coverity Capture] INFO: Executing action Invalidate capture results
2025-12-02 15:35:59.8189 EST [Polaris Coverity Capture] INFO: Executing action Invoke cov-run-sigma: C:\Users\AlBessey\.blackduck\bridge\tools\cov-thin-client\2025.9.0\bin\cov-run-sigma --project-dir C:\blackduck\tests\VB-net\all-my-code\product1 --dir C:\blackduck\tests\VB-net\all-my-code\product1\.bridge\polaris_coverity_capture\2025.9.0\idir --coverity-config C:\Users\AlBessey\AppData\Local\Temp\cov-run-sigma-config-995646305\coverity.yaml --sigma-binary-path C:\Users\AlBessey\.blackduck\bridge\tools\sigma\2025.10.0\sigma.exe --enable-telemetry
2025-12-02 15:36:01.7821 EST [Polaris Coverity Capture] INFO: cov-run-sigma version 2025.9.0 on Windows 11 Enterprise, 64-bit (build 26100)
2025-12-02 15:36:01.7821 EST [Polaris Coverity Capture] INFO: Internal version numbers: 477d3c5ddd p-2025.9-push-57
2025-12-02 15:36:01.7821 EST [Polaris Coverity Capture] INFO: 
2025-12-02 15:36:03.2908 EST [Polaris Coverity Capture] INFO: Executing action Action cleanup: Coverity configuration for Sigma
2025-12-02 15:36:03.3112 EST [Polaris Coverity Capture] INFO: Executing command: C:\Users\AlBessey\.blackduck\bridge\tools\cov-thin-client\2025.9.0\bin\cov-manage-emit --dir C:\blackduck\tests\VB-net\all-my-code\product1\.bridge\polaris_coverity_capture\2025.9.0\idir list-capture-diagnostics
2025-12-02 15:36:03.3768 EST [Polaris Coverity Capture] INFO: Capture summary:
2025-12-02 15:36:03.3768 EST [Polaris Coverity Capture] INFO:     SUCCEEDED: 53
2025-12-02 15:36:03.3768 EST [Polaris Coverity Capture] INFO:     INCOMPLETE: 0
2025-12-02 15:36:03.3768 EST [Polaris Coverity Capture] INFO:     FAILED: 0
2025-12-02 15:36:03.3768 EST [Polaris Coverity Capture] INFO:     IGNORED: 6
2025-12-02 15:36:03.3768 EST [Polaris Coverity Capture] INFO:     FILES CAPTURED: 53
2025-12-02 15:36:03.3768 EST [Polaris Coverity Capture] INFO:     LINES OF CODE: 2990
2025-12-02 15:36:03.3797 EST [Polaris Coverity Capture] INFO: Capture phase took 35.517s.
2025-12-02 15:36:03.5270 EST [Polaris Coverity Capture] INFO: To analyze your project, type 'C:\Users\AlBessey\.blackduck\bridge\tools\cov-thin-client\2025.9.0\bin\coverity.exe analyze --dir C:\blackduck\tests\VB-net\all-my-code\product1\.bridge\polaris_coverity_capture\2025.9.0\idir -o analyze.location=connect'.
2025-12-02 15:36:03.5376 EST [Polaris Coverity Capture] INFO: Coverity Capture completed successfully
2025-12-02 15:36:03.5669 EST [Polaris Coverity Capture] INFO: Provided value for resource 'coverity.completed'
2025-12-02 15:36:03.5674 EST [Polaris Coverity Capture] INFO: Provided value for resource 'coverity.idir.output'
2025-12-02 15:36:03.5674 EST [Polaris Coverity Capture] INFO: Provided value for resource 'polaris.test.sast.tests.sastFull.artifacts.path'
2025-12-02 15:36:03.5696 EST [Polaris Coverity Capture] INFO: Adapter finished
2025-12-02 15:36:03.5734 EST [Bridge CLI] INFO: Starting Adapter: Default Adapter for execution path
2025-12-02 15:36:03.5734 EST [Default Adapter for execution path] INFO: Provided value for resource 'detect.execution.path'
2025-12-02 15:36:03.5740 EST [Default Adapter for execution path] INFO: Adapter finished
2025-12-02 15:36:04.0501 EST [Polaris SCA Package Manager Scan] INFO: Running command C:\blackduck\Java\jdk-23\bin\java -jar C:\Users\AlBessey\.blackduck\bridge\tools\blackduck-detect\10.4.0\detect-10.4.0.jar --detect.cleanup=false --detect.bdio.file.name=scan --detect.bdio.output.path=C:\blackduck\tests\VB-net\all-my-code\product1\.bridge\polaris_sca_package_manager_scan\detect\bdio\blackduck_artifact --detect.output.path=C:\blackduck\tests\VB-net\all-my-code\product1\.bridge\polaris_sca_package_manager_scan\detect --detect.tools=DETECTOR --detect.component.location.analysis.enabled=true --blackduck.offline.mode=true --blackduck.offline.mode.force.bdio=true
2025-12-02 15:36:05.0000 EST [Polaris SCA Package Manager Scan][main] WARNING: --- Detect-Self-Updater:  Self-Update feature is disabled because of the following reasons:
2025-12-02 15:36:05.0000 EST [Polaris SCA Package Manager Scan][main] WARNING: --- Detect-Self-Updater:  Detect in offline mode is incompatible with the Self-Update feature.
2025-12-02 15:36:05.0000 EST [Polaris SCA Package Manager Scan][main] WARNING: --- Detect-Self-Updater:  Black Duck URL is required for the Self-Update feature.
2025-12-02 15:36:05.9660 EST [Polaris SCA Package Manager Scan] INFO: ______     _            _
2025-12-02 15:36:05.9780 EST [Polaris SCA Package Manager Scan] INFO: |  _  \   | |          | |
2025-12-02 15:36:05.9780 EST [Polaris SCA Package Manager Scan] INFO: | | | |___| |_ ___  ___| |_
2025-12-02 15:36:05.9780 EST [Polaris SCA Package Manager Scan] INFO: | | | / _ \ __/ _ \/ __| __|
2025-12-02 15:36:05.9780 EST [Polaris SCA Package Manager Scan] INFO: | |/ /  __/ ||  __/ (__| |_
2025-12-02 15:36:05.9780 EST [Polaris SCA Package Manager Scan] INFO: |___/ \___|\__\___|\___|\__|
2025-12-02 15:36:05.9780 EST [Polaris SCA Package Manager Scan] INFO: 
2025-12-02 15:36:06.2326 EST [Polaris SCA Package Manager Scan] INFO: 
2025-12-02 15:36:06.2423 EST [Polaris SCA Package Manager Scan] INFO: Detect Version: 10.4.0
2025-12-02 15:36:06.2423 EST [Polaris SCA Package Manager Scan] INFO: 
2025-12-02 15:36:06.0000 EST [Polaris SCA Package Manager Scan][main] INFO: --- 
2025-12-02 15:36:06.0000 EST [Polaris SCA Package Manager Scan][main] INFO: --- Current property values:
2025-12-02 15:36:06.0000 EST [Polaris SCA Package Manager Scan][main] INFO: --- --property = value [notes]
2025-12-02 15:36:06.0000 EST [Polaris SCA Package Manager Scan][main] INFO: --- ------------------------------------------------------------
2025-12-02 15:36:06.0000 EST [Polaris SCA Package Manager Scan][main] INFO: --- blackduck.offline.mode = true [cmd] 
2025-12-02 15:36:06.0000 EST [Polaris SCA Package Manager Scan][main] INFO: --- blackduck.offline.mode.force.bdio = true [cmd] 
2025-12-02 15:36:06.0000 EST [Polaris SCA Package Manager Scan][main] INFO: --- detect.bdio.file.name = scan [cmd] 
2025-12-02 15:36:06.0000 EST [Polaris SCA Package Manager Scan][main] INFO: --- detect.bdio.output.path = C:\blackduck\tests\VB-net\all-my-code\product1\.bridge\polaris_sca_package_manager_scan\detect\bdio\blackduck_artifact [cmd] 
2025-12-02 15:36:06.0000 EST [Polaris SCA Package Manager Scan][main] INFO: --- detect.cleanup = false [cmd] 
2025-12-02 15:36:06.0000 EST [Polaris SCA Package Manager Scan][main] INFO: --- detect.component.location.analysis.enabled = true [cmd] 
2025-12-02 15:36:06.0000 EST [Polaris SCA Package Manager Scan][main] INFO: --- detect.excluded.directories = C:\blackduck\tests\VB-net\all-my-code\product1\.bridge [env] 
2025-12-02 15:36:06.0000 EST [Polaris SCA Package Manager Scan][main] INFO: --- detect.output.path = C:\blackduck\tests\VB-net\all-my-code\product1\.bridge\polaris_sca_package_manager_scan\detect [cmd] 
2025-12-02 15:36:06.0000 EST [Polaris SCA Package Manager Scan][main] INFO: --- detect.tools = DETECTOR [cmd] 
2025-12-02 15:36:06.0000 EST [Polaris SCA Package Manager Scan][main] INFO: --- ------------------------------------------------------------
2025-12-02 15:36:06.0000 EST [Polaris SCA Package Manager Scan][main] INFO: --- 
2025-12-02 15:36:06.0000 EST [Polaris SCA Package Manager Scan][main] INFO: --- Detect build date: 2025-04-24
2025-12-02 15:36:06.0000 EST [Polaris SCA Package Manager Scan][main] INFO: --- Source directory: C:\blackduck\tests\VB-net\all-my-code\product1
2025-12-02 15:36:06.0000 EST [Polaris SCA Package Manager Scan][main] INFO: --- Output directory: C:\blackduck\tests\VB-net\all-my-code\product1\.bridge\polaris_sca_package_manager_scan\detect
2025-12-02 15:36:06.0000 EST [Polaris SCA Package Manager Scan][main] INFO: --- Run directory: C:\blackduck\tests\VB-net\all-my-code\product1\.bridge\polaris_sca_package_manager_scan\detect\runs\2025-12-02-20-36-06-098
2025-12-02 15:36:06.0000 EST [Polaris SCA Package Manager Scan][main] INFO: --- 
2025-12-02 15:36:06.0000 EST [Polaris SCA Package Manager Scan][main] WARNING: --- Correlated Scanning is not available for Rapid/Stateless scan mode or offline scanning. A correlation ID will not be set.
2025-12-02 15:36:06.0000 EST [Polaris SCA Package Manager Scan][main] INFO: --- ----------------------------------
2025-12-02 15:36:06.0000 EST [Polaris SCA Package Manager Scan][main] INFO: --- Docker tool will not be run.
2025-12-02 15:36:06.0000 EST [Polaris SCA Package Manager Scan][main] INFO: --- ----------------------------------
2025-12-02 15:36:06.0000 EST [Polaris SCA Package Manager Scan][main] INFO: --- Bazel tool will not be run.
2025-12-02 15:36:06.0000 EST [Polaris SCA Package Manager Scan][main] INFO: --- ----------------------------------
2025-12-02 15:36:06.0000 EST [Polaris SCA Package Manager Scan][main] INFO: --- Will include the Detectors tool.
2025-12-02 15:36:06.0000 EST [Polaris SCA Package Manager Scan][main] INFO: --- Searching for detectors.
2025-12-02 15:36:06.0000 EST [Polaris SCA Package Manager Scan][main] INFO: --- Evaluating detectors. This may take a while.
2025-12-02 15:36:08.0000 EST [Polaris SCA Package Manager Scan][main] INFO: --- Running executable >C:\blackduck\tests\VB-net\all-my-code\product1\.bridge\polaris_sca_package_manager_scan\detect\tools\detect-nuget-inspector\detect-nuget-inspector-2.4.0-windows\detect-nuget-inspector.exe --target_path=C:\blackduck\tests\VB-net\all-my-code\product1\MediaPlayerUI.sln --output_directory=C:\blackduck\tests\VB-net\all-my-code\product1\.bridge\polaris_sca_package_manager_scan\detect\runs\2025-12-02-20-36-06-098\extractions\NUGET-0\inspection-0 --ignore_failure=false --packages_repo_url=https://api.nuget.org/v3/index.json
2025-12-02 15:36:09.0000 EST [Polaris SCA Package Manager Scan][main] INFO: --- Process return code: 0
2025-12-02 15:36:09.0000 EST [Polaris SCA Package Manager Scan][main] INFO: --- ======================================================================================================
2025-12-02 15:36:09.0000 EST [Polaris SCA Package Manager Scan][main] INFO: --- Detector Report
2025-12-02 15:36:09.0000 EST [Polaris SCA Package Manager Scan][main] INFO: --- ======================================================================================================
2025-12-02 15:36:09.0000 EST [Polaris SCA Package Manager Scan][main] INFO: --- 	C:\blackduck\tests\VB-net\all-my-code\product1 (depth 0)
2025-12-02 15:36:09.0000 EST [Polaris SCA Package Manager Scan][main] INFO: --- 		NuGet Solution Native Inspector: SUCCESS
2025-12-02 15:36:09.0000 EST [Polaris SCA Package Manager Scan][main] INFO: --- 			Found file: C:\blackduck\tests\VB-net\all-my-code\product1\MediaPlayerUI.sln
2025-12-02 15:36:09.0000 EST [Polaris SCA Package Manager Scan][main] INFO: --- 			Found inspector: C:\blackduck\tests\VB-net\all-my-code\product1\.bridge\polaris_sca_package_manager_scan\detect\tools\detect-nuget-inspector\detect-nuget-inspector-2.4.0-windows\detect-nuget-inspector.exe
2025-12-02 15:36:09.0000 EST [Polaris SCA Package Manager Scan][main] INFO: --- ----------------------------------
2025-12-02 15:36:09.0000 EST [Polaris SCA Package Manager Scan][main] INFO: --- Detectors actions finished.
2025-12-02 15:36:09.0000 EST [Polaris SCA Package Manager Scan][main] INFO: --- ----------------------------------
2025-12-02 15:36:09.0000 EST [Polaris SCA Package Manager Scan][main] INFO: --- Project name: MediaPlayerUI
2025-12-02 15:36:09.0000 EST [Polaris SCA Package Manager Scan][main] INFO: --- Project version: 1.0.0-
2025-12-02 15:36:09.0000 EST [Polaris SCA Package Manager Scan][main] INFO: --- ----------------------------------
2025-12-02 15:36:09.0000 EST [Polaris SCA Package Manager Scan][main] INFO: --- Signature Scanner tool will not be run.
2025-12-02 15:36:09.0000 EST [Polaris SCA Package Manager Scan][main] INFO: --- ----------------------------------
2025-12-02 15:36:09.0000 EST [Polaris SCA Package Manager Scan][main] INFO: --- Vulnerability Impact Analysis tool will not be run.
2025-12-02 15:36:09.0000 EST [Polaris SCA Package Manager Scan][main] INFO: --- ----------------------------------
2025-12-02 15:36:09.0000 EST [Polaris SCA Package Manager Scan][main] INFO: --- IaC Scanner tool will not be run.
2025-12-02 15:36:09.0000 EST [Polaris SCA Package Manager Scan][main] INFO: --- ----------------------------------
2025-12-02 15:36:09.0000 EST [Polaris SCA Package Manager Scan][main] INFO: --- Component Location Analysis requires at least one dependency in BDIO results. Skipping location analysis.
2025-12-02 15:36:09.0000 EST [Polaris SCA Package Manager Scan][main] INFO: --- ----------------------------------
2025-12-02 15:36:09.0000 EST [Polaris SCA Package Manager Scan][main] INFO: --- 
2025-12-02 15:36:09.0000 EST [Polaris SCA Package Manager Scan][main] INFO: --- 
2025-12-02 15:36:09.0000 EST [Polaris SCA Package Manager Scan][main] INFO: --- Creating status file: C:\blackduck\tests\VB-net\all-my-code\product1\.bridge\polaris_sca_package_manager_scan\detect\runs\2025-12-02-20-36-06-098\status\status.json
2025-12-02 15:36:09.0000 EST [Polaris SCA Package Manager Scan][main] INFO: --- 
2025-12-02 15:36:09.0000 EST [Polaris SCA Package Manager Scan][main] INFO: --- Skipping cleanup, it is disabled.
2025-12-02 15:36:09.0000 EST [Polaris SCA Package Manager Scan][main] INFO: --- 
2025-12-02 15:36:09.0000 EST [Polaris SCA Package Manager Scan][main] INFO: --- 
2025-12-02 15:36:09.0000 EST [Polaris SCA Package Manager Scan][main] INFO: --- ======== Detect Issues ========
2025-12-02 15:36:09.0000 EST [Polaris SCA Package Manager Scan][main] INFO: --- 
2025-12-02 15:36:09.0000 EST [Polaris SCA Package Manager Scan][main] INFO: --- EXCEPTIONS:
2025-12-02 15:36:09.0000 EST [Polaris SCA Package Manager Scan][main] INFO: --- 	Generating Component Location Analysis File for All Components
2025-12-02 15:36:09.0000 EST [Polaris SCA Package Manager Scan][main] INFO: --- 		Failed to generate Component Location Analysis file.
2025-12-02 15:36:09.0000 EST [Polaris SCA Package Manager Scan][main] INFO: --- 
2025-12-02 15:36:09.0000 EST [Polaris SCA Package Manager Scan][main] INFO: --- ======== Detect Status ========
2025-12-02 15:36:09.0000 EST [Polaris SCA Package Manager Scan][main] INFO: --- 
2025-12-02 15:36:09.0000 EST [Polaris SCA Package Manager Scan][main] INFO: --- NUGET: SUCCESS
2025-12-02 15:36:09.0000 EST [Polaris SCA Package Manager Scan][main] INFO: --- Overall Status: SUCCESS - Detect exited successfully.
2025-12-02 15:36:09.0000 EST [Polaris SCA Package Manager Scan][main] INFO: --- 
2025-12-02 15:36:09.0000 EST [Polaris SCA Package Manager Scan][main] INFO: --- ===============================
2025-12-02 15:36:09.0000 EST [Polaris SCA Package Manager Scan][main] INFO: --- 
2025-12-02 15:36:09.0000 EST [Polaris SCA Package Manager Scan][main] INFO: --- Detect duration: 00h 00m 05s 064ms
2025-12-02 15:36:09.8250 EST [Polaris SCA Package Manager Scan] WARNING: components-with-locations.json file not found, will upload only BDIO file.
2025-12-02 15:36:09.8492 EST [Polaris SCA Package Manager Scan] INFO: Provided value for resource 'detect.completed'
2025-12-02 15:36:09.8497 EST [Polaris SCA Package Manager Scan] INFO: Provided value for resource 'polaris.test.sca.tests.scaPackage.artifacts.path'
2025-12-02 15:36:09.8508 EST [Polaris SCA Package Manager Scan] INFO: Adapter finished
2025-12-02 15:36:10.5306 EST [Polaris Artifacts Uploader] INFO: uploading artifact for "SAST(sastFull)" assessment with id "2ad5f987-ba18-44de-be71-2a69ef1ddd5a"
2025-12-02 15:36:10.5318 EST [Polaris Artifacts Uploader] INFO: uploading artifact for "SCA(scaPackage)" assessment with id "70125ef7-d5ab-4d52-9761-c4d5cfb3e736"
2025-12-02 15:36:11.2666 EST [Polaris Artifacts Uploader] INFO: Uploading artifact C:\blackduck\tests\VB-net\all-my-code\product1\.bridge\polaris_sca_package_manager_scan\blackduck-sca-artifacts.zip for "SCA(scaPackage)" assessment
2025-12-02 15:36:11.2707 EST [Polaris Artifacts Uploader] INFO: Uploading artifact C:\blackduck\tests\VB-net\all-my-code\product1\.bridge\polaris_coverity_capture\idir.zip for "SAST(sastFull)" assessment
2025-12-02 15:36:11.4494 EST [Polaris Artifacts Uploader] INFO: Uploading Progress of "SCA(scaPackage)" artifact: 100%  995/995
2025-12-02 15:36:11.4499 EST [Polaris Artifacts Uploader] INFO: Uploading Progress of "SAST(sastFull)" artifact:   0%  16384/2897568
2025-12-02 15:36:11.5575 EST [Polaris Artifacts Uploader] INFO: Uploading Progress of "SAST(sastFull)" artifact:  25%  737280/2897568
2025-12-02 15:36:11.9628 EST [Polaris Artifacts Uploader] INFO: Uploading Progress of "SAST(sastFull)" artifact:  50%  1458176/2897568
2025-12-02 15:36:12.0616 EST [Polaris Artifacts Uploader] INFO: successfully uploaded artifact "C:\\blackduck\\tests\\VB-net\\all-my-code\\product1\\.bridge\\polaris_sca_package_manager_scan\\blackduck-sca-artifacts.zip"
2025-12-02 15:36:12.5106 EST [Polaris Artifacts Uploader] INFO: Uploading Progress of "SAST(sastFull)" artifact:  75%  2179072/2897568
2025-12-02 15:36:12.5416 EST [Polaris Artifacts Uploader] INFO: successfully resumed "SCA(scaPackage)" assessment with id "70125ef7-d5ab-4d52-9761-c4d5cfb3e736"
2025-12-02 15:36:12.9677 EST [Polaris Artifacts Uploader] INFO: Uploading Progress of "SAST(sastFull)" artifact: 100%  2897568/2897568
2025-12-02 15:36:13.7938 EST [Polaris Artifacts Uploader] INFO: successfully uploaded artifact "C:\\blackduck\\tests\\VB-net\\all-my-code\\product1\\.bridge\\polaris_coverity_capture\\idir.zip"
2025-12-02 15:36:14.0875 EST [Polaris Artifacts Uploader] INFO: successfully resumed "SAST(sastFull)" assessment with id "2ad5f987-ba18-44de-be71-2a69ef1ddd5a"
2025-12-02 15:36:14.1116 EST [Polaris Artifacts Uploader] INFO: Provided value for resource 'polaris.test.sast.tests.sastFull.artifacts.uploadSuccessful'
2025-12-02 15:36:14.1121 EST [Polaris Artifacts Uploader] INFO: Provided value for resource 'polaris.test.sca.tests.scaPackage.artifacts.uploadSuccessful'
2025-12-02 15:36:14.1127 EST [Polaris Artifacts Uploader] INFO: Adapter finished
2025-12-02 15:36:14.7059 EST [Polaris Waiter] INFO: Waiting for test with assessment type "SAST(sastFull)" and id "2ad5f987-ba18-44de-be71-2a69ef1ddd5a"
2025-12-02 15:36:14.7070 EST [Polaris Waiter] INFO: Waiting for test with assessment type "SCA(scaPackage)" and id "70125ef7-d5ab-4d52-9761-c4d5cfb3e736"
2025-12-02 15:36:15.0506 EST [Polaris Waiter] INFO: Polling Test Manager: state of test with assessment type "SAST(sastFull)" and id "2ad5f987-ba18-44de-be71-2a69ef1ddd5a" is "Waiting for Capture"
2025-12-02 15:36:15.0699 EST [Polaris Waiter] INFO: Polling Test Manager: state of test with assessment type "SCA(scaPackage)" and id "70125ef7-d5ab-4d52-9761-c4d5cfb3e736" is "Queuing"
2025-12-02 15:36:25.1913 EST [Polaris Waiter] INFO: Polling Test Manager: state of test with assessment type "SAST(sastFull)" and id "2ad5f987-ba18-44de-be71-2a69ef1ddd5a" is "Queuing"
2025-12-02 15:36:55.5566 EST [Polaris Waiter] INFO: Polling Test Manager: state of test with assessment type "SAST(sastFull)" and id "2ad5f987-ba18-44de-be71-2a69ef1ddd5a" is "Scanning"
2025-12-02 15:36:55.5928 EST [Polaris Waiter] INFO: Polling Test Manager: state of test with assessment type "SCA(scaPackage)" and id "70125ef7-d5ab-4d52-9761-c4d5cfb3e736" is "Scanning & Publishing"
2025-12-02 15:37:15.8303 EST [Polaris Waiter] INFO: Polling Test Manager: state of test with assessment type "SCA(scaPackage)" and id "70125ef7-d5ab-4d52-9761-c4d5cfb3e736" is "In Progress"
2025-12-02 15:37:15.8303 EST [Polaris Waiter] INFO: Polling Test Manager: state of test with assessment type "SAST(sastFull)" and id "2ad5f987-ba18-44de-be71-2a69ef1ddd5a" is "In Progress"
2025-12-02 15:37:25.9532 EST [Polaris Waiter] INFO: test with assessment type "SCA(scaPackage)" and id "70125ef7-d5ab-4d52-9761-c4d5cfb3e736" completed successfully
2025-12-02 15:37:25.9582 EST [Polaris Waiter] INFO: test with assessment type "SAST(sastFull)" and id "2ad5f987-ba18-44de-be71-2a69ef1ddd5a" completed successfully
2025-12-02 15:37:25.9755 EST [Polaris Waiter] INFO: Provided value for resource 'polaris.test.sca.tests.scaPackage.completed'
2025-12-02 15:37:25.9755 EST [Polaris Waiter] INFO: Provided value for resource 'polaris.test.sast.tests.sastFull.completed'
2025-12-02 15:37:25.9765 EST [Polaris Waiter] INFO: Adapter finished
2025-12-02 15:37:26.5361 EST [Polaris Policy Checker] INFO: Checking for policy violations for "SCA(scaPackage)" assessment...
2025-12-02 15:37:26.5366 EST [Polaris Policy Checker] INFO: Checking for policy violations for "SAST(sastFull)" assessment...
2025-12-02 15:37:27.2095 EST [Polaris Policy Checker] INFO: no policies were violated to break the build
2025-12-02 15:37:27.2283 EST [Polaris Policy Checker] INFO: Adapter finished
2025-12-02 15:37:27.7741 EST [Polaris Issues Fetcher] INFO: Fetching issues for "SAST(sastFull)" assessment
2025-12-02 15:37:27.7747 EST [Polaris Issues Fetcher] INFO: Fetching issues for "SCA(scaPackage)" assessment
2025-12-02 15:37:28.0643 EST [Polaris Issues Fetcher] INFO: Successfully fetched issues for assessment type "SAST(sastFull)" with id "2ad5f987-ba18-44de-be71-2a69ef1ddd5a"
 {
 "critical": 0,
 "high": 1,
 "informational": 0,
 "low": 0,
 "medium": 0
}
2025-12-02 15:37:28.0996 EST [Polaris Issues Fetcher] INFO: Successfully fetched issues for assessment type "SCA(scaPackage)" with id "70125ef7-d5ab-4d52-9761-c4d5cfb3e736"
 {
 "critical": 0,
 "high": 0,
 "informational": 0,
 "low": 0,
 "medium": 0
}
2025-12-02 15:37:28.1191 EST [Polaris Issues Fetcher] INFO: Provided value for resource 'polaris.test.SCA.tests.scaPackage.issues.informational'
2025-12-02 15:37:28.1196 EST [Polaris Issues Fetcher] INFO: Provided value for resource 'polaris.test.SCA.tests.scaPackage.issues.critical'
2025-12-02 15:37:28.1202 EST [Polaris Issues Fetcher] INFO: Provided value for resource 'polaris.test.SCA.tests.scaPackage.issues.high'
2025-12-02 15:37:28.1202 EST [Polaris Issues Fetcher] INFO: Provided value for resource 'polaris.test.SCA.tests.scaPackage.issues.low'
2025-12-02 15:37:28.1202 EST [Polaris Issues Fetcher] INFO: Provided value for resource 'polaris.test.SCA.tests.scaPackage.issues.medium'
2025-12-02 15:37:28.1207 EST [Polaris Issues Fetcher] INFO: Provided value for resource 'polaris.test.SAST.tests.sastFull.issues.low'
2025-12-02 15:37:28.1207 EST [Polaris Issues Fetcher] INFO: Provided value for resource 'polaris.test.SAST.tests.sastFull.issues.medium'
2025-12-02 15:37:28.1207 EST [Polaris Issues Fetcher] INFO: Provided value for resource 'polaris.test.SAST.tests.sastFull.issues.high'
2025-12-02 15:37:28.1212 EST [Polaris Issues Fetcher] INFO: Provided value for resource 'polaris.test.SAST.tests.sastFull.issues.critical'
2025-12-02 15:37:28.1212 EST [Polaris Issues Fetcher] INFO: Provided value for resource 'polaris.test.SAST.tests.sastFull.issues.informational'
2025-12-02 15:37:28.1228 EST [Polaris Issues Fetcher] INFO: Adapter finished
2025-12-02 15:37:28.4662 EST [Polaris Status Provider] INFO: Results for test "SAST(sastFull)" with ID "2ad5f987-ba18-44de-be71-2a69ef1ddd5a" are available at https://poc.polaris.blackduck.com/portfolio/portfolios/567848cb-9ea0-4243-b3b4-0a08fed80507/portfolio-items/4410b47c-c8e3-4bdc-88c2-fd5de4184cc9/projects/8f323799-7597-478a-8173-df85724a697c/tests/2ad5f987-ba18-44de-be71-2a69ef1ddd5a/detected-issues
2025-12-02 15:37:28.4673 EST [Polaris Status Provider] INFO: Results for test "SCA(scaPackage)" with ID "70125ef7-d5ab-4d52-9761-c4d5cfb3e736" are available at https://poc.polaris.blackduck.com/portfolio/portfolios/567848cb-9ea0-4243-b3b4-0a08fed80507/portfolio-items/4410b47c-c8e3-4bdc-88c2-fd5de4184cc9/projects/8f323799-7597-478a-8173-df85724a697c/tests/70125ef7-d5ab-4d52-9761-c4d5cfb3e736/detected-issues
2025-12-02 15:37:28.4673 EST [Polaris Status Provider] INFO: Polaris issues view for project "product1", branch "main" is available at https://poc.polaris.blackduck.com/portfolio/portfolios/567848cb-9ea0-4243-b3b4-0a08fed80507/portfolio-items/4410b47c-c8e3-4bdc-88c2-fd5de4184cc9/projects/8f323799-7597-478a-8173-df85724a697c/issues?branchId=62324041-dc82-4a9b-a7eb-c12580174079
2025-12-02 15:37:28.4813 EST [Polaris Status Provider] INFO: Provided value for resource 'polaris.test.SAST.tests.sastFull.summary.url'
2025-12-02 15:37:28.4818 EST [Polaris Status Provider] INFO: Provided value for resource 'polaris.test.SCA.tests.scaPackage.summary.url'
2025-12-02 15:37:28.4818 EST [Polaris Status Provider] INFO: Provided value for resource 'polaris.project.issues.url'
2025-12-02 15:37:28.4824 EST [Polaris Status Provider] INFO: Adapter finished
